<?xml version="1.0" encoding="UTF-8"?>
<robot generator="Robot 4.1.3 (Python 3.9.10 on win32)" generated="20220217 23:05:08.877" rpa="false" schemaversion="2">
<suite id="s1" name="testRb" source="E:\PythonProjects\TestRobot\testRb.robot">
<test id="s1-t1" name="TC4">
<kw name="Create List" library="BuiltIn">
<var>@{list_test}</var>
<arg>${student.me.name}</arg>
<arg>${student.her.name}</arg>
<arg>Hieu</arg>
<arg>Thu</arg>
<arg>Thao</arg>
<doc>Returns a list containing given items.</doc>
<msg timestamp="20220217 23:05:08.946" level="INFO">@{list_test} = [ Doan Tran Minh Quan | Nguyen Tu Anh Thy | Hieu | Thu | Thao ]</msg>
<status status="PASS" starttime="20220217 23:05:08.945" endtime="20220217 23:05:08.946"/>
</kw>
<kw name="My keyword">
<arg>${list_test}</arg>
<for flavor="IN">
<var>${name}</var>
<value>@{list_name}</value>
<iter>
<var name="${name}">Doan Tran Minh Quan</var>
<kw name="Log" library="BuiltIn">
<arg>Hi ${name}</arg>
<doc>Logs the given message with the given level.</doc>
<msg timestamp="20220217 23:05:08.948" level="INFO">Hi Doan Tran Minh Quan</msg>
<status status="PASS" starttime="20220217 23:05:08.947" endtime="20220217 23:05:08.948"/>
</kw>
<status status="PASS" starttime="20220217 23:05:08.947" endtime="20220217 23:05:08.948"/>
</iter>
<iter>
<var name="${name}">Nguyen Tu Anh Thy</var>
<kw name="Log" library="BuiltIn">
<arg>Hi ${name}</arg>
<doc>Logs the given message with the given level.</doc>
<msg timestamp="20220217 23:05:08.948" level="INFO">Hi Nguyen Tu Anh Thy</msg>
<status status="PASS" starttime="20220217 23:05:08.948" endtime="20220217 23:05:08.948"/>
</kw>
<status status="PASS" starttime="20220217 23:05:08.948" endtime="20220217 23:05:08.948"/>
</iter>
<iter>
<var name="${name}">Hieu</var>
<kw name="Log" library="BuiltIn">
<arg>Hi ${name}</arg>
<doc>Logs the given message with the given level.</doc>
<msg timestamp="20220217 23:05:08.948" level="INFO">Hi Hieu</msg>
<status status="PASS" starttime="20220217 23:05:08.948" endtime="20220217 23:05:08.948"/>
</kw>
<status status="PASS" starttime="20220217 23:05:08.948" endtime="20220217 23:05:08.948"/>
</iter>
<iter>
<var name="${name}">Thu</var>
<kw name="Log" library="BuiltIn">
<arg>Hi ${name}</arg>
<doc>Logs the given message with the given level.</doc>
<msg timestamp="20220217 23:05:08.949" level="INFO">Hi Thu</msg>
<status status="PASS" starttime="20220217 23:05:08.949" endtime="20220217 23:05:08.949"/>
</kw>
<status status="PASS" starttime="20220217 23:05:08.949" endtime="20220217 23:05:08.949"/>
</iter>
<iter>
<var name="${name}">Thao</var>
<kw name="Log" library="BuiltIn">
<arg>Hi ${name}</arg>
<doc>Logs the given message with the given level.</doc>
<msg timestamp="20220217 23:05:08.949" level="INFO">Hi Thao</msg>
<status status="PASS" starttime="20220217 23:05:08.949" endtime="20220217 23:05:08.949"/>
</kw>
<status status="PASS" starttime="20220217 23:05:08.949" endtime="20220217 23:05:08.949"/>
</iter>
<status status="PASS" starttime="20220217 23:05:08.947" endtime="20220217 23:05:08.949"/>
</for>
<status status="PASS" starttime="20220217 23:05:08.947" endtime="20220217 23:05:08.950"/>
</kw>
<doc>Test keyword for this test case</doc>
<tag>Test_list_keyword</tag>
<status status="PASS" starttime="20220217 23:05:08.944" endtime="20220217 23:05:08.950"/>
</test>
<status status="PASS" starttime="20220217 23:05:08.879" endtime="20220217 23:05:08.952"/>
</suite>
<statistics>
<total>
<stat pass="1" fail="0" skip="0">All Tests</stat>
</total>
<tag>
<stat pass="1" fail="0" skip="0">Test_list_keyword</stat>
</tag>
<suite>
<stat pass="1" fail="0" skip="0" id="s1" name="testRb">testRb</stat>
</suite>
</statistics>
<errors>
</errors>
</robot>
